<?xml version="1.0" encoding="UTF-8"?>
<!-- Generated by org.testng.reporters.JUnitXMLReporter -->
<testsuite ignored="8" hostname="Invicta-16" failures="1" tests="6" name="Test" time="47.137" errors="0" timestamp="27 Jan 2023 12:07:40 GMT">
  <testcase classname="TestCases.LoginTest" name="Login" time="5.484"/>
  <testcase classname="TestCases.MasterTest" name="Login" time="0.277"/>
  <testcase classname="TestCases.AdminTest" name="adminButton" time="20.41"/>
  <testcase classname="TestCases.SBUButtonTest" name="sbu" time="2.273"/>
  <testcase classname="TestCases.SBUDataTest" name="AddSbuData" time="3.869">
    <failure type="java.lang.NullPointerException" message="Cannot invoke &amp;quot;java.util.List.iterator()&amp;quot; because &amp;quot;Pages.SBUData.SbuColumn&amp;quot; is null">
      <![CDATA[java.lang.NullPointerException: Cannot invoke "java.util.List.iterator()" because "Pages.SBUData.SbuColumn" is null
at TestCases.SBUDataTest.AddSbuData(SBUDataTest.java:54)
... Removed 25 stack frames]]>
    </failure>
  </testcase> <!-- AddSbuData -->
  <testcase classname="TestCases.SBUDataTest" name="addSbuButton" time="14.787"/>
  <testcase classname="Base.DriverInitialization" name="@AfterSuite closeChrome" time="0.0">
    <ignored/>
  </testcase> <!-- @AfterSuite closeChrome -->
  <testcase classname="Base.DriverInitialization" name="@AfterSuite closeChrome" time="0.0">
    <ignored/>
  </testcase> <!-- @AfterSuite closeChrome -->
  <testcase classname="Base.DriverInitialization" name="@AfterSuite closeChrome" time="0.0">
    <ignored/>
  </testcase> <!-- @AfterSuite closeChrome -->
  <testcase classname="Base.DriverInitialization" name="@AfterSuite closeChrome" time="0.0">
    <ignored/>
  </testcase> <!-- @AfterSuite closeChrome -->
  <testcase classname="Base.DriverInitialization" name="@BeforeSuite main" time="0.0">
    <ignored/>
  </testcase> <!-- @BeforeSuite main -->
  <testcase classname="Base.DriverInitialization" name="@BeforeSuite main" time="0.0">
    <ignored/>
  </testcase> <!-- @BeforeSuite main -->
  <testcase classname="Base.DriverInitialization" name="@BeforeSuite main" time="0.0">
    <ignored/>
  </testcase> <!-- @BeforeSuite main -->
  <testcase classname="Base.DriverInitialization" name="@BeforeSuite main" time="0.0">
    <ignored/>
  </testcase> <!-- @BeforeSuite main -->
</testsuite> <!-- Test -->
